STDOUT:
============================================================
IDIS PostgreSQL CI Bootstrap
============================================================
Waiting for PostgreSQL to be ready...
PostgreSQL is ready
Creating app role 'idis_app' (if not exists)...
  App role 'idis_app' ready (NOSUPERUSER, NOBYPASSRLS)
Creating database 'idis_test' (if not exists)...
  Database 'idis_test' created
  CONNECT granted to 'idis_app'
Set in-process env: IDIS_DATABASE_ADMIN_URL -> idis_test (admin)
Set in-process env: IDIS_DATABASE_URL -> idis_test (app)
Set in-process env: IDIS_REQUIRE_POSTGRES=1
Running database migrations...
  Migrations completed successfully
Granting schema permissions to 'idis_app'...
  Schema permissions granted
Verifying required tables exist...
  Found tables: ['alembic_version', 'audit_events', 'claims', 'deals', 'defects', 'idempotency_records', 'sanads']
Verifying app role 'idis_app' security settings...
  Role 'idis_app' is secure: NOSUPERUSER, NOBYPASSRLS
============================================================
Bootstrap complete
============================================================


STDERR:
